<?xml version="1.0" encoding="UTF-8"?>
<testng-results ignored="0" total="23" passed="23" failed="0" skipped="0">
  <reporter-output>
  </reporter-output>
  <suite started-at="2023-11-09T10:25:13 IST" name="Suite" finished-at="2023-11-09T10:25:18 IST" duration-ms="4575">
    <groups>
      <group name="cucumber">
        <method signature="AbstractTestNGCucumberTests.runScenario(io.cucumber.testng.PickleWrapper,io.cucumber.testng.FeatureWrapper)[pri:0, instance:runner.TestRunner@6a192cfe]" name="runScenario" class="io.cucumber.testng.AbstractTestNGCucumberTests"/>
      </group> <!-- cucumber -->
    </groups>
    <test started-at="2023-11-09T10:25:13 IST" name="API Test" finished-at="2023-11-09T10:25:18 IST" duration-ms="4575">
      <class name="runner.TestRunner">
        <test-method is-config="true" signature="setUpClass(org.testng.ITestContext)[pri:0, instance:runner.TestRunner@6a192cfe]" started-at="2023-11-09T10:25:13 IST" name="setUpClass" finished-at="2023-11-09T10:25:14 IST" duration-ms="514" status="PASS">
          <params>
            <param index="0">
              <value>
                <![CDATA[org.testng.TestRunner@5e0e82ae]]>
              </value>
            </param>
          </params>
          <reporter-output>
          </reporter-output>
        </test-method> <!-- setUpClass -->
        <test-method signature="runScenario(io.cucumber.testng.PickleWrapper,io.cucumber.testng.FeatureWrapper)[pri:0, instance:runner.TestRunner@6a192cfe]" started-at="2023-11-09T10:25:14 IST" name="runScenario" description="Runs Cucumber Scenarios" data-provider="scenarios" finished-at="2023-11-09T10:25:16 IST" duration-ms="2742" status="PASS">
          <params>
            <param index="0">
              <value>
                <![CDATA["Verify that user is able to search all the posts created by a particular user"]]>
              </value>
            </param>
            <param index="1">
              <value>
                <![CDATA["List of Posts API"]]>
              </value>
            </param>
          </params>
          <reporter-output>
          </reporter-output>
        </test-method> <!-- runScenario -->
        <test-method signature="runScenario(io.cucumber.testng.PickleWrapper,io.cucumber.testng.FeatureWrapper)[pri:0, instance:runner.TestRunner@6a192cfe]" started-at="2023-11-09T10:25:14 IST" name="runScenario" description="Runs Cucumber Scenarios" data-provider="scenarios" finished-at="2023-11-09T10:25:16 IST" duration-ms="2538" status="PASS">
          <params>
            <param index="0">
              <value>
                <![CDATA["Verify that the user is able to search the post by title"]]>
              </value>
            </param>
            <param index="1">
              <value>
                <![CDATA["List of Posts API"]]>
              </value>
            </param>
          </params>
          <reporter-output>
          </reporter-output>
        </test-method> <!-- runScenario -->
        <test-method signature="runScenario(io.cucumber.testng.PickleWrapper,io.cucumber.testng.FeatureWrapper)[pri:0, instance:runner.TestRunner@6a192cfe]" started-at="2023-11-09T10:25:14 IST" name="runScenario" description="Runs Cucumber Scenarios" data-provider="scenarios" finished-at="2023-11-09T10:25:16 IST" duration-ms="2537" status="PASS">
          <params>
            <param index="0">
              <value>
                <![CDATA["Verify that the user is able to search and count the comments present on a particular post"]]>
              </value>
            </param>
            <param index="1">
              <value>
                <![CDATA["Comments on Post API"]]>
              </value>
            </param>
          </params>
          <reporter-output>
          </reporter-output>
        </test-method> <!-- runScenario -->
        <test-method signature="runScenario(io.cucumber.testng.PickleWrapper,io.cucumber.testng.FeatureWrapper)[pri:0, instance:runner.TestRunner@6a192cfe]" started-at="2023-11-09T10:25:14 IST" name="runScenario" description="Runs Cucumber Scenarios" data-provider="scenarios" finished-at="2023-11-09T10:25:16 IST" duration-ms="2538" status="PASS">
          <params>
            <param index="0">
              <value>
                <![CDATA["Verify the retrival of List of Posts"]]>
              </value>
            </param>
            <param index="1">
              <value>
                <![CDATA["List of Posts API"]]>
              </value>
            </param>
          </params>
          <reporter-output>
          </reporter-output>
        </test-method> <!-- runScenario -->
        <test-method signature="runScenario(io.cucumber.testng.PickleWrapper,io.cucumber.testng.FeatureWrapper)[pri:0, instance:runner.TestRunner@6a192cfe]" started-at="2023-11-09T10:25:14 IST" name="runScenario" description="Runs Cucumber Scenarios" data-provider="scenarios" finished-at="2023-11-09T10:25:16 IST" duration-ms="2694" status="PASS">
          <params>
            <param index="0">
              <value>
                <![CDATA["Verify that the user is able to search and count the comments posted by a particular emailId"]]>
              </value>
            </param>
            <param index="1">
              <value>
                <![CDATA["Comments on Post API"]]>
              </value>
            </param>
          </params>
          <reporter-output>
          </reporter-output>
        </test-method> <!-- runScenario -->
        <test-method signature="runScenario(io.cucumber.testng.PickleWrapper,io.cucumber.testng.FeatureWrapper)[pri:0, instance:runner.TestRunner@6a192cfe]" started-at="2023-11-09T10:25:14 IST" name="runScenario" description="Runs Cucumber Scenarios" data-provider="scenarios" finished-at="2023-11-09T10:25:16 IST" duration-ms="2659" status="PASS">
          <params>
            <param index="0">
              <value>
                <![CDATA["Verify that the user is able to search and count the comments present on a particular post"]]>
              </value>
            </param>
            <param index="1">
              <value>
                <![CDATA["Comments on Post API"]]>
              </value>
            </param>
          </params>
          <reporter-output>
          </reporter-output>
        </test-method> <!-- runScenario -->
        <test-method signature="runScenario(io.cucumber.testng.PickleWrapper,io.cucumber.testng.FeatureWrapper)[pri:0, instance:runner.TestRunner@6a192cfe]" started-at="2023-11-09T10:25:14 IST" name="runScenario" description="Runs Cucumber Scenarios" data-provider="scenarios" finished-at="2023-11-09T10:25:16 IST" duration-ms="2537" status="PASS">
          <params>
            <param index="0">
              <value>
                <![CDATA["Verify that user is able to search all the posts created by a particular user"]]>
              </value>
            </param>
            <param index="1">
              <value>
                <![CDATA["List of Posts API"]]>
              </value>
            </param>
          </params>
          <reporter-output>
          </reporter-output>
        </test-method> <!-- runScenario -->
        <test-method signature="runScenario(io.cucumber.testng.PickleWrapper,io.cucumber.testng.FeatureWrapper)[pri:0, instance:runner.TestRunner@6a192cfe]" started-at="2023-11-09T10:25:14 IST" name="runScenario" description="Runs Cucumber Scenarios" data-provider="scenarios" finished-at="2023-11-09T10:25:16 IST" duration-ms="2742" status="PASS">
          <params>
            <param index="0">
              <value>
                <![CDATA["Verify that the user is able to search and count the comments posted by a particular emailId"]]>
              </value>
            </param>
            <param index="1">
              <value>
                <![CDATA["Comments on Post API"]]>
              </value>
            </param>
          </params>
          <reporter-output>
          </reporter-output>
        </test-method> <!-- runScenario -->
        <test-method signature="runScenario(io.cucumber.testng.PickleWrapper,io.cucumber.testng.FeatureWrapper)[pri:0, instance:runner.TestRunner@6a192cfe]" started-at="2023-11-09T10:25:14 IST" name="runScenario" description="Runs Cucumber Scenarios" data-provider="scenarios" finished-at="2023-11-09T10:25:16 IST" duration-ms="2698" status="PASS">
          <params>
            <param index="0">
              <value>
                <![CDATA["Verify the comments posted by a user having a specified name"]]>
              </value>
            </param>
            <param index="1">
              <value>
                <![CDATA["Comments on Post API"]]>
              </value>
            </param>
          </params>
          <reporter-output>
          </reporter-output>
        </test-method> <!-- runScenario -->
        <test-method signature="runScenario(io.cucumber.testng.PickleWrapper,io.cucumber.testng.FeatureWrapper)[pri:0, instance:runner.TestRunner@6a192cfe]" started-at="2023-11-09T10:25:14 IST" name="runScenario" description="Runs Cucumber Scenarios" data-provider="scenarios" finished-at="2023-11-09T10:25:16 IST" duration-ms="2537" status="PASS">
          <params>
            <param index="0">
              <value>
                <![CDATA["Verify the retrival of all comments on all the posts in the social network"]]>
              </value>
            </param>
            <param index="1">
              <value>
                <![CDATA["Comments on Post API"]]>
              </value>
            </param>
          </params>
          <reporter-output>
          </reporter-output>
        </test-method> <!-- runScenario -->
        <test-method signature="runScenario(io.cucumber.testng.PickleWrapper,io.cucumber.testng.FeatureWrapper)[pri:0, instance:runner.TestRunner@6a192cfe]" started-at="2023-11-09T10:25:16 IST" name="runScenario" description="Runs Cucumber Scenarios" data-provider="scenarios" finished-at="2023-11-09T10:25:18 IST" duration-ms="1412" status="PASS">
          <params>
            <param index="0">
              <value>
                <![CDATA["Verify the creation of a new post"]]>
              </value>
            </param>
            <param index="1">
              <value>
                <![CDATA["List of Posts API"]]>
              </value>
            </param>
          </params>
          <reporter-output>
          </reporter-output>
        </test-method> <!-- runScenario -->
        <test-method signature="runScenario(io.cucumber.testng.PickleWrapper,io.cucumber.testng.FeatureWrapper)[pri:0, instance:runner.TestRunner@6a192cfe]" started-at="2023-11-09T10:25:16 IST" name="runScenario" description="Runs Cucumber Scenarios" data-provider="scenarios" finished-at="2023-11-09T10:25:16 IST" duration-ms="229" status="PASS">
          <params>
            <param index="0">
              <value>
                <![CDATA["Verify that the user is able to search the post by title"]]>
              </value>
            </param>
            <param index="1">
              <value>
                <![CDATA["List of Posts API"]]>
              </value>
            </param>
          </params>
          <reporter-output>
          </reporter-output>
        </test-method> <!-- runScenario -->
        <test-method signature="runScenario(io.cucumber.testng.PickleWrapper,io.cucumber.testng.FeatureWrapper)[pri:0, instance:runner.TestRunner@6a192cfe]" started-at="2023-11-09T10:25:16 IST" name="runScenario" description="Runs Cucumber Scenarios" data-provider="scenarios" finished-at="2023-11-09T10:25:18 IST" duration-ms="1315" status="PASS">
          <params>
            <param index="0">
              <value>
                <![CDATA["Verify that user is able to update the existing post"]]>
              </value>
            </param>
            <param index="1">
              <value>
                <![CDATA["List of Posts API"]]>
              </value>
            </param>
          </params>
          <reporter-output>
          </reporter-output>
        </test-method> <!-- runScenario -->
        <test-method signature="runScenario(io.cucumber.testng.PickleWrapper,io.cucumber.testng.FeatureWrapper)[pri:0, instance:runner.TestRunner@6a192cfe]" started-at="2023-11-09T10:25:16 IST" name="runScenario" description="Runs Cucumber Scenarios" data-provider="scenarios" finished-at="2023-11-09T10:25:17 IST" duration-ms="467" status="PASS">
          <params>
            <param index="0">
              <value>
                <![CDATA["Verify that user is able to delete the existing post"]]>
              </value>
            </param>
            <param index="1">
              <value>
                <![CDATA["List of Posts API"]]>
              </value>
            </param>
          </params>
          <reporter-output>
          </reporter-output>
        </test-method> <!-- runScenario -->
        <test-method signature="runScenario(io.cucumber.testng.PickleWrapper,io.cucumber.testng.FeatureWrapper)[pri:0, instance:runner.TestRunner@6a192cfe]" started-at="2023-11-09T10:25:16 IST" name="runScenario" description="Runs Cucumber Scenarios" data-provider="scenarios" finished-at="2023-11-09T10:25:16 IST" duration-ms="210" status="PASS">
          <params>
            <param index="0">
              <value>
                <![CDATA["Verify the retrival of list of users"]]>
              </value>
            </param>
            <param index="1">
              <value>
                <![CDATA["List of Users API"]]>
              </value>
            </param>
          </params>
          <reporter-output>
          </reporter-output>
        </test-method> <!-- runScenario -->
        <test-method signature="runScenario(io.cucumber.testng.PickleWrapper,io.cucumber.testng.FeatureWrapper)[pri:0, instance:runner.TestRunner@6a192cfe]" started-at="2023-11-09T10:25:16 IST" name="runScenario" description="Runs Cucumber Scenarios" data-provider="scenarios" finished-at="2023-11-09T10:25:17 IST" duration-ms="1069" status="PASS">
          <params>
            <param index="0">
              <value>
                <![CDATA["Verify that we are able to search user"]]>
              </value>
            </param>
            <param index="1">
              <value>
                <![CDATA["List of Users API"]]>
              </value>
            </param>
          </params>
          <reporter-output>
          </reporter-output>
        </test-method> <!-- runScenario -->
        <test-method signature="runScenario(io.cucumber.testng.PickleWrapper,io.cucumber.testng.FeatureWrapper)[pri:0, instance:runner.TestRunner@6a192cfe]" started-at="2023-11-09T10:25:16 IST" name="runScenario" description="Runs Cucumber Scenarios" data-provider="scenarios" finished-at="2023-11-09T10:25:17 IST" duration-ms="1030" status="PASS">
          <params>
            <param index="0">
              <value>
                <![CDATA["Verify that we are able to search user"]]>
              </value>
            </param>
            <param index="1">
              <value>
                <![CDATA["List of Users API"]]>
              </value>
            </param>
          </params>
          <reporter-output>
          </reporter-output>
        </test-method> <!-- runScenario -->
        <test-method signature="runScenario(io.cucumber.testng.PickleWrapper,io.cucumber.testng.FeatureWrapper)[pri:0, instance:runner.TestRunner@6a192cfe]" started-at="2023-11-09T10:25:16 IST" name="runScenario" description="Runs Cucumber Scenarios" data-provider="scenarios" finished-at="2023-11-09T10:25:17 IST" duration-ms="1033" status="PASS">
          <params>
            <param index="0">
              <value>
                <![CDATA["Verify that we are able to search user"]]>
              </value>
            </param>
            <param index="1">
              <value>
                <![CDATA["List of Users API"]]>
              </value>
            </param>
          </params>
          <reporter-output>
          </reporter-output>
        </test-method> <!-- runScenario -->
        <test-method signature="runScenario(io.cucumber.testng.PickleWrapper,io.cucumber.testng.FeatureWrapper)[pri:0, instance:runner.TestRunner@6a192cfe]" started-at="2023-11-09T10:25:16 IST" name="runScenario" description="Runs Cucumber Scenarios" data-provider="scenarios" finished-at="2023-11-09T10:25:17 IST" duration-ms="1063" status="PASS">
          <params>
            <param index="0">
              <value>
                <![CDATA["Verify that we are able to search user"]]>
              </value>
            </param>
            <param index="1">
              <value>
                <![CDATA["List of Users API"]]>
              </value>
            </param>
          </params>
          <reporter-output>
          </reporter-output>
        </test-method> <!-- runScenario -->
        <test-method signature="runScenario(io.cucumber.testng.PickleWrapper,io.cucumber.testng.FeatureWrapper)[pri:0, instance:runner.TestRunner@6a192cfe]" started-at="2023-11-09T10:25:16 IST" name="runScenario" description="Runs Cucumber Scenarios" data-provider="scenarios" finished-at="2023-11-09T10:25:17 IST" duration-ms="989" status="PASS">
          <params>
            <param index="0">
              <value>
                <![CDATA["Verify that we are able to search user"]]>
              </value>
            </param>
            <param index="1">
              <value>
                <![CDATA["List of Users API"]]>
              </value>
            </param>
          </params>
          <reporter-output>
          </reporter-output>
        </test-method> <!-- runScenario -->
        <test-method signature="runScenario(io.cucumber.testng.PickleWrapper,io.cucumber.testng.FeatureWrapper)[pri:0, instance:runner.TestRunner@6a192cfe]" started-at="2023-11-09T10:25:16 IST" name="runScenario" description="Runs Cucumber Scenarios" data-provider="scenarios" finished-at="2023-11-09T10:25:17 IST" duration-ms="204" status="PASS">
          <params>
            <param index="0">
              <value>
                <![CDATA["Verify that we are able to search user"]]>
              </value>
            </param>
            <param index="1">
              <value>
                <![CDATA["List of Users API"]]>
              </value>
            </param>
          </params>
          <reporter-output>
          </reporter-output>
        </test-method> <!-- runScenario -->
        <test-method signature="runScenario(io.cucumber.testng.PickleWrapper,io.cucumber.testng.FeatureWrapper)[pri:0, instance:runner.TestRunner@6a192cfe]" started-at="2023-11-09T10:25:16 IST" name="runScenario" description="Runs Cucumber Scenarios" data-provider="scenarios" finished-at="2023-11-09T10:25:17 IST" duration-ms="983" status="PASS">
          <params>
            <param index="0">
              <value>
                <![CDATA["Verify that we are able to search users living in a given city"]]>
              </value>
            </param>
            <param index="1">
              <value>
                <![CDATA["List of Users API"]]>
              </value>
            </param>
          </params>
          <reporter-output>
          </reporter-output>
        </test-method> <!-- runScenario -->
        <test-method signature="runScenario(io.cucumber.testng.PickleWrapper,io.cucumber.testng.FeatureWrapper)[pri:0, instance:runner.TestRunner@6a192cfe]" started-at="2023-11-09T10:25:17 IST" name="runScenario" description="Runs Cucumber Scenarios" data-provider="scenarios" finished-at="2023-11-09T10:25:18 IST" duration-ms="985" status="PASS">
          <params>
            <param index="0">
              <value>
                <![CDATA["Verify that we are able to search users working in the given company"]]>
              </value>
            </param>
            <param index="1">
              <value>
                <![CDATA["List of Users API"]]>
              </value>
            </param>
          </params>
          <reporter-output>
          </reporter-output>
        </test-method> <!-- runScenario -->
        <test-method is-config="true" signature="tearDownClass()[pri:0, instance:runner.TestRunner@6a192cfe]" started-at="2023-11-09T10:25:18 IST" name="tearDownClass" finished-at="2023-11-09T10:25:18 IST" duration-ms="73" status="PASS">
          <reporter-output>
          </reporter-output>
        </test-method> <!-- tearDownClass -->
      </class> <!-- runner.TestRunner -->
    </test> <!-- API Test -->
  </suite> <!-- Suite -->
</testng-results>
